0 info it worked if it ends with ok
1 verbose cli [ '/usr/bin/nodejs', '/usr/bin/npm', 'install', '-g', 'tsd' ]
2 info using npm@1.3.10
3 info using node@v0.10.25
4 verbose cache add [ 'tsd', null ]
5 verbose cache add name=undefined spec="tsd" args=["tsd",null]
6 verbose parsed url { protocol: null,
6 verbose parsed url   slashes: null,
6 verbose parsed url   auth: null,
6 verbose parsed url   host: null,
6 verbose parsed url   port: null,
6 verbose parsed url   hostname: null,
6 verbose parsed url   hash: null,
6 verbose parsed url   search: null,
6 verbose parsed url   query: null,
6 verbose parsed url   pathname: 'tsd',
6 verbose parsed url   path: 'tsd',
6 verbose parsed url   href: 'tsd' }
7 silly lockFile 6d3ed5a2-tsd tsd
8 verbose lock tsd /home/nastia/.npm/6d3ed5a2-tsd.lock
9 silly lockFile 6d3ed5a2-tsd tsd
10 silly lockFile 6d3ed5a2-tsd tsd
11 verbose addNamed [ 'tsd', '' ]
12 verbose addNamed [ null, '*' ]
13 silly lockFile ff70fa42-tsd tsd@
14 verbose lock tsd@ /home/nastia/.npm/ff70fa42-tsd.lock
15 silly addNameRange { name: 'tsd', range: '*', hasData: false }
16 verbose url raw tsd
17 verbose url resolving [ 'https://registry.npmjs.org/', './tsd' ]
18 verbose url resolved https://registry.npmjs.org/tsd
19 info trying registry request attempt 1 at 20:22:18
20 http GET https://registry.npmjs.org/tsd
21 http 200 https://registry.npmjs.org/tsd
22 silly registry.get cb [ 200,
22 silly registry.get   { server: 'CouchDB/1.5.0 (Erlang OTP/R16B03)',
22 silly registry.get     etag: '"34B3QRHUZMD1GEITMOM8N5HO6"',
22 silly registry.get     'content-type': 'application/json',
22 silly registry.get     'cache-control': 'max-age=300',
22 silly registry.get     'content-length': '83755',
22 silly registry.get     'accept-ranges': 'bytes',
22 silly registry.get     date: 'Thu, 04 Feb 2016 17:22:18 GMT',
22 silly registry.get     via: '1.1 varnish',
22 silly registry.get     age: '142',
22 silly registry.get     connection: 'keep-alive',
22 silly registry.get     'x-served-by': 'cache-ams4125-AMS',
22 silly registry.get     'x-cache': 'HIT',
22 silly registry.get     'x-cache-hits': '1',
22 silly registry.get     'x-timer': 'S1454606538.561505,VS0,VE0',
22 silly registry.get     vary: 'Accept' } ]
23 silly addNameRange number 2 { name: 'tsd', range: '*', hasData: true }
24 silly addNameRange versions [ 'tsd',
24 silly addNameRange   [ '0.1.0',
24 silly addNameRange     '0.1.1',
24 silly addNameRange     '0.1.2',
24 silly addNameRange     '0.2.0',
24 silly addNameRange     '0.2.1',
24 silly addNameRange     '0.2.2',
24 silly addNameRange     '0.3.0',
24 silly addNameRange     '0.3.1',
24 silly addNameRange     '0.5.2',
24 silly addNameRange     '0.5.3',
24 silly addNameRange     '0.5.5',
24 silly addNameRange     '0.5.6',
24 silly addNameRange     '0.5.7',
24 silly addNameRange     '0.6.0-beta.1',
24 silly addNameRange     '0.6.0-beta.2',
24 silly addNameRange     '0.6.0-beta.3',
24 silly addNameRange     '0.6.0-beta.4',
24 silly addNameRange     '0.6.0-beta.5',
24 silly addNameRange     '0.6.0',
24 silly addNameRange     '0.6.1',
24 silly addNameRange     '0.6.3',
24 silly addNameRange     '0.6.4-beta',
24 silly addNameRange     '0.6.4',
24 silly addNameRange     '0.6.5-beta',
24 silly addNameRange     '0.6.5-beta.2',
24 silly addNameRange     '0.6.5' ] ]
25 verbose addNamed [ 'tsd', '0.6.5' ]
26 verbose addNamed [ '0.6.5', '0.6.5' ]
27 silly lockFile 25f4a34c-tsd-0-6-5 tsd@0.6.5
28 verbose lock tsd@0.6.5 /home/nastia/.npm/25f4a34c-tsd-0-6-5.lock
29 warn deprecated tsd@0.6.5: TSD is deprecated in favor of Typings (https://github.com/typings/typings) - see https://github.com/DefinitelyTyped/tsd/issues/269 for more information
30 silly lockFile 0f1b12ad-stry-npmjs-org-tsd-tsd-0-6-5-tgz https://registry.npmjs.org/tsd/-/tsd-0.6.5.tgz
31 verbose lock https://registry.npmjs.org/tsd/-/tsd-0.6.5.tgz /home/nastia/.npm/0f1b12ad-stry-npmjs-org-tsd-tsd-0-6-5-tgz.lock
32 verbose addRemoteTarball [ 'https://registry.npmjs.org/tsd/-/tsd-0.6.5.tgz',
32 verbose addRemoteTarball   '34a0b64c1db6a70b3860fe4f5571d9d1357421ad' ]
33 info retry fetch attempt 1 at 20:22:18
34 verbose fetch to= /home/nastia/tmp/npm-16583-J6mSkuRs/1454606538762-0.14213074068538845/tmp.tgz
35 http GET https://registry.npmjs.org/tsd/-/tsd-0.6.5.tgz
36 http 200 https://registry.npmjs.org/tsd/-/tsd-0.6.5.tgz
37 verbose tar unpack /home/nastia/tmp/npm-16583-J6mSkuRs/1454606538762-0.14213074068538845/tmp.tgz
38 silly lockFile fd389bbb-8762-0-14213074068538845-package tar:///home/nastia/tmp/npm-16583-J6mSkuRs/1454606538762-0.14213074068538845/package
39 verbose lock tar:///home/nastia/tmp/npm-16583-J6mSkuRs/1454606538762-0.14213074068538845/package /home/nastia/.npm/fd389bbb-8762-0-14213074068538845-package.lock
40 silly lockFile 2de60620-8762-0-14213074068538845-tmp-tgz tar:///home/nastia/tmp/npm-16583-J6mSkuRs/1454606538762-0.14213074068538845/tmp.tgz
41 verbose lock tar:///home/nastia/tmp/npm-16583-J6mSkuRs/1454606538762-0.14213074068538845/tmp.tgz /home/nastia/.npm/2de60620-8762-0-14213074068538845-tmp-tgz.lock
42 silly gunzTarPerm modes [ '755', '644' ]
43 silly gunzTarPerm extractEntry package.json
44 silly gunzTarPerm modified mode [ 'package.json', 436, 420 ]
45 silly gunzTarPerm extractEntry README.md
46 silly gunzTarPerm modified mode [ 'README.md', 436, 420 ]
47 silly gunzTarPerm extractEntry LICENSE.txt
48 silly gunzTarPerm modified mode [ 'LICENSE.txt', 436, 420 ]
49 silly gunzTarPerm extractEntry build/api.js
50 silly gunzTarPerm modified mode [ 'build/api.js', 436, 420 ]
51 silly gunzTarPerm extractEntry build/bootstrap.js
52 silly gunzTarPerm modified mode [ 'build/bootstrap.js', 436, 420 ]
53 silly gunzTarPerm extractEntry build/cli.js
54 silly gunzTarPerm modified mode [ 'build/cli.js', 436, 420 ]
55 silly gunzTarPerm extractEntry build/getContent.js
56 silly gunzTarPerm modified mode [ 'build/getContent.js', 436, 420 ]
57 silly gunzTarPerm extractEntry build/expose/Command.js
58 silly gunzTarPerm modified mode [ 'build/expose/Command.js', 436, 420 ]
59 silly gunzTarPerm extractEntry build/expose/ContextHandle.js
60 silly gunzTarPerm modified mode [ 'build/expose/ContextHandle.js', 436, 420 ]
61 silly gunzTarPerm extractEntry build/expose/ContextValueHandle.js
62 silly gunzTarPerm modified mode [ 'build/expose/ContextValueHandle.js', 436, 420 ]
63 silly gunzTarPerm extractEntry build/expose/Expose.js
64 silly gunzTarPerm modified mode [ 'build/expose/Expose.js', 436, 420 ]
65 silly gunzTarPerm extractEntry build/expose/ExposeError.js
66 silly gunzTarPerm modified mode [ 'build/expose/ExposeError.js', 436, 420 ]
67 silly gunzTarPerm extractEntry build/expose/Context.js
68 silly gunzTarPerm modified mode [ 'build/expose/Context.js', 436, 420 ]
69 silly gunzTarPerm extractEntry build/expose/Group.js
70 silly gunzTarPerm modified mode [ 'build/expose/Group.js', 436, 420 ]
71 silly gunzTarPerm extractEntry build/expose/Level.js
72 silly gunzTarPerm modified mode [ 'build/expose/Level.js', 436, 420 ]
73 silly gunzTarPerm extractEntry build/expose/Option.js
74 silly gunzTarPerm modified mode [ 'build/expose/Option.js', 436, 420 ]
75 silly gunzTarPerm extractEntry build/expose/Result.js
76 silly gunzTarPerm modified mode [ 'build/expose/Result.js', 436, 420 ]
77 silly gunzTarPerm extractEntry build/expose/ResultHandle.js
78 silly gunzTarPerm modified mode [ 'build/expose/ResultHandle.js', 436, 420 ]
79 silly gunzTarPerm extractEntry build/expose/CommandSorter.js
80 silly gunzTarPerm modified mode [ 'build/expose/CommandSorter.js', 436, 420 ]
81 silly gunzTarPerm extractEntry build/expose/sorter.js
82 silly gunzTarPerm modified mode [ 'build/expose/sorter.js', 436, 420 ]
83 silly gunzTarPerm extractEntry build/expose/Formatter.js
84 silly gunzTarPerm modified mode [ 'build/expose/Formatter.js', 436, 420 ]
85 silly gunzTarPerm extractEntry build/git/GithubRepo.js
86 silly gunzTarPerm modified mode [ 'build/git/GithubRepo.js', 436, 420 ]
87 silly gunzTarPerm extractEntry build/git/GithubRepoConfig.js
88 silly gunzTarPerm modified mode [ 'build/git/GithubRepoConfig.js', 436, 420 ]
89 silly gunzTarPerm extractEntry build/git/GithubURLs.js
90 silly gunzTarPerm modified mode [ 'build/git/GithubURLs.js', 436, 420 ]
91 silly gunzTarPerm extractEntry build/git/gitUtil.js
92 silly gunzTarPerm modified mode [ 'build/git/gitUtil.js', 436, 420 ]
93 silly gunzTarPerm extractEntry build/git/loader/GithubAPI.js
94 silly gunzTarPerm modified mode [ 'build/git/loader/GithubAPI.js', 436, 420 ]
95 silly gunzTarPerm extractEntry build/git/loader/GithubLoader.js
96 silly gunzTarPerm modified mode [ 'build/git/loader/GithubLoader.js', 436, 420 ]
97 silly gunzTarPerm extractEntry build/git/loader/GithubRaw.js
98 silly gunzTarPerm modified mode [ 'build/git/loader/GithubRaw.js', 436, 420 ]
99 silly gunzTarPerm extractEntry build/git/model/GitCommitMessage.js
100 silly gunzTarPerm modified mode [ 'build/git/model/GitCommitMessage.js', 436, 420 ]
101 silly gunzTarPerm extractEntry build/git/model/GitCommitUser.js
102 silly gunzTarPerm modified mode [ 'build/git/model/GitCommitUser.js', 436, 420 ]
103 silly gunzTarPerm extractEntry build/git/model/GithubJSONTreeElem.js
104 silly gunzTarPerm modified mode [ 'build/git/model/GithubJSONTreeElem.js', 436, 420 ]
105 silly gunzTarPerm extractEntry build/git/model/GithubRateInfo.js
106 silly gunzTarPerm modified mode [ 'build/git/model/GithubRateInfo.js', 436, 420 ]
107 silly gunzTarPerm extractEntry build/git/model/GithubUser.js
108 silly gunzTarPerm modified mode [ 'build/git/model/GithubUser.js', 436, 420 ]
109 silly gunzTarPerm extractEntry build/http/CacheInfo.js
110 silly gunzTarPerm modified mode [ 'build/http/CacheInfo.js', 436, 420 ]
111 silly gunzTarPerm extractEntry build/http/CacheMode.js
112 silly gunzTarPerm modified mode [ 'build/http/CacheMode.js', 436, 420 ]
113 silly gunzTarPerm extractEntry build/http/CacheObject.js
114 silly gunzTarPerm modified mode [ 'build/http/CacheObject.js', 436, 420 ]
115 silly gunzTarPerm extractEntry build/http/CacheOpts.js
116 silly gunzTarPerm modified mode [ 'build/http/CacheOpts.js', 436, 420 ]
117 silly gunzTarPerm extractEntry build/http/CacheRequest.js
118 silly gunzTarPerm modified mode [ 'build/http/CacheRequest.js', 436, 420 ]
119 silly gunzTarPerm extractEntry build/http/CacheStreamLoader.js
120 silly gunzTarPerm modified mode [ 'build/http/CacheStreamLoader.js', 436, 420 ]
121 silly gunzTarPerm extractEntry build/http/HTTPCache.js
122 silly gunzTarPerm modified mode [ 'build/http/HTTPCache.js', 436, 420 ]
123 silly gunzTarPerm extractEntry build/http/HTTPOpts.js
124 silly gunzTarPerm modified mode [ 'build/http/HTTPOpts.js', 436, 420 ]
125 silly gunzTarPerm extractEntry build/http/ResponseInfo.js
126 silly gunzTarPerm modified mode [ 'build/http/ResponseInfo.js', 436, 420 ]
127 silly gunzTarPerm extractEntry build/http/types.js
128 silly gunzTarPerm modified mode [ 'build/http/types.js', 436, 420 ]
129 silly gunzTarPerm extractEntry build/tsd/API.js
130 silly gunzTarPerm modified mode [ 'build/tsd/API.js', 436, 420 ]
131 silly gunzTarPerm extractEntry build/tsd/Options.js
132 silly gunzTarPerm modified mode [ 'build/tsd/Options.js', 436, 420 ]
133 silly gunzTarPerm extractEntry build/tsd/CLI.js
134 silly gunzTarPerm modified mode [ 'build/tsd/CLI.js', 436, 420 ]
135 silly gunzTarPerm extractEntry build/tsd/cli/CLIPrinter.js
136 silly gunzTarPerm modified mode [ 'build/tsd/cli/CLIPrinter.js', 436, 420 ]
137 silly gunzTarPerm extractEntry build/tsd/cli/StyleMap.js
138 silly gunzTarPerm modified mode [ 'build/tsd/cli/StyleMap.js', 436, 420 ]
139 silly gunzTarPerm extractEntry build/tsd/cli/TablePrinter.js
140 silly gunzTarPerm modified mode [ 'build/tsd/cli/TablePrinter.js', 436, 420 ]
141 silly gunzTarPerm extractEntry build/tsd/cli/addCommon.js
142 silly gunzTarPerm modified mode [ 'build/tsd/cli/addCommon.js', 436, 420 ]
143 silly gunzTarPerm extractEntry build/tsd/cli/cliUtils.js
144 silly gunzTarPerm modified mode [ 'build/tsd/cli/cliUtils.js', 436, 420 ]
145 silly gunzTarPerm extractEntry build/tsd/cli/const.js
146 silly gunzTarPerm modified mode [ 'build/tsd/cli/const.js', 436, 420 ]
147 silly gunzTarPerm extractEntry build/tsd/cli/tracker.js
148 silly gunzTarPerm modified mode [ 'build/tsd/cli/tracker.js', 436, 420 ]
149 silly gunzTarPerm extractEntry build/tsd/cli/update.js
150 silly gunzTarPerm modified mode [ 'build/tsd/cli/update.js', 436, 420 ]
151 silly gunzTarPerm extractEntry build/tsd/context/Config.js
152 silly gunzTarPerm modified mode [ 'build/tsd/context/Config.js', 436, 420 ]
153 silly gunzTarPerm extractEntry build/tsd/context/Const.js
154 silly gunzTarPerm modified mode [ 'build/tsd/context/Const.js', 436, 420 ]
155 silly gunzTarPerm extractEntry build/tsd/context/Context.js
156 silly gunzTarPerm modified mode [ 'build/tsd/context/Context.js', 436, 420 ]
157 silly gunzTarPerm extractEntry build/tsd/context/InstalledDef.js
158 silly gunzTarPerm modified mode [ 'build/tsd/context/InstalledDef.js', 436, 420 ]
159 silly gunzTarPerm extractEntry build/tsd/context/Paths.js
160 silly gunzTarPerm modified mode [ 'build/tsd/context/Paths.js', 436, 420 ]
161 silly gunzTarPerm extractEntry build/tsd/util/DateComp.js
162 silly gunzTarPerm modified mode [ 'build/tsd/util/DateComp.js', 436, 420 ]
163 silly gunzTarPerm extractEntry build/tsd/util/defUtil.js
164 silly gunzTarPerm modified mode [ 'build/tsd/util/defUtil.js', 436, 420 ]
165 silly gunzTarPerm extractEntry build/tsd/util/error-handler.js
166 silly gunzTarPerm modified mode [ 'build/tsd/util/error-handler.js', 436, 420 ]
167 silly gunzTarPerm extractEntry build/tsd/logic/ConfigIO.js
168 silly gunzTarPerm modified mode [ 'build/tsd/logic/ConfigIO.js', 436, 420 ]
169 silly gunzTarPerm extractEntry build/tsd/logic/ContentLoader.js
170 silly gunzTarPerm modified mode [ 'build/tsd/logic/ContentLoader.js', 436, 420 ]
171 silly gunzTarPerm extractEntry build/tsd/logic/Core.js
172 silly gunzTarPerm modified mode [ 'build/tsd/logic/Core.js', 436, 420 ]
173 silly gunzTarPerm extractEntry build/tsd/logic/CoreModule.js
174 silly gunzTarPerm modified mode [ 'build/tsd/logic/CoreModule.js', 436, 420 ]
175 silly gunzTarPerm extractEntry build/tsd/logic/IndexManager.js
176 silly gunzTarPerm modified mode [ 'build/tsd/logic/IndexManager.js', 436, 420 ]
177 silly gunzTarPerm extractEntry build/tsd/logic/InfoParser.js
178 silly gunzTarPerm modified mode [ 'build/tsd/logic/InfoParser.js', 436, 420 ]
179 silly gunzTarPerm extractEntry build/tsd/logic/InstallResult.js
180 silly gunzTarPerm modified mode [ 'build/tsd/logic/InstallResult.js', 436, 420 ]
181 silly gunzTarPerm extractEntry build/tsd/logic/Installer.js
182 silly gunzTarPerm modified mode [ 'build/tsd/logic/Installer.js', 436, 420 ]
183 silly gunzTarPerm extractEntry build/tsd/logic/Resolver.js
184 silly gunzTarPerm modified mode [ 'build/tsd/logic/Resolver.js', 436, 420 ]
185 silly gunzTarPerm extractEntry build/tsd/logic/SelectorQuery.js
186 silly gunzTarPerm modified mode [ 'build/tsd/logic/SelectorQuery.js', 436, 420 ]
187 silly gunzTarPerm extractEntry build/tsd/schema/config.js
188 silly gunzTarPerm modified mode [ 'build/tsd/schema/config.js', 436, 420 ]
189 silly gunzTarPerm extractEntry build/tsd/select/CommitMatcher.js
190 silly gunzTarPerm modified mode [ 'build/tsd/select/CommitMatcher.js', 436, 420 ]
191 silly gunzTarPerm extractEntry build/tsd/select/DateMatcher.js
192 silly gunzTarPerm modified mode [ 'build/tsd/select/DateMatcher.js', 436, 420 ]
193 silly gunzTarPerm extractEntry build/tsd/select/InfoMatcher.js
194 silly gunzTarPerm modified mode [ 'build/tsd/select/InfoMatcher.js', 436, 420 ]
195 silly gunzTarPerm extractEntry build/tsd/select/NameMatcher.js
196 silly gunzTarPerm modified mode [ 'build/tsd/select/NameMatcher.js', 436, 420 ]
197 silly gunzTarPerm extractEntry build/tsd/select/Query.js
198 silly gunzTarPerm modified mode [ 'build/tsd/select/Query.js', 436, 420 ]
199 silly gunzTarPerm extractEntry build/tsd/select/Selection.js
200 silly gunzTarPerm modified mode [ 'build/tsd/select/Selection.js', 436, 420 ]
201 silly gunzTarPerm extractEntry build/tsd/select/VersionMatcher.js
202 silly gunzTarPerm modified mode [ 'build/tsd/select/VersionMatcher.js', 436, 420 ]
203 silly gunzTarPerm extractEntry build/tsd/support/AuthorInfo.js
204 silly gunzTarPerm modified mode [ 'build/tsd/support/AuthorInfo.js', 436, 420 ]
205 silly gunzTarPerm extractEntry build/tsd/support/Bundle.js
206 silly gunzTarPerm modified mode [ 'build/tsd/support/Bundle.js', 436, 420 ]
207 silly gunzTarPerm extractEntry build/tsd/support/BundleChange.js
208 silly gunzTarPerm modified mode [ 'build/tsd/support/BundleChange.js', 436, 420 ]
209 silly gunzTarPerm extractEntry build/tsd/support/BundleManager.js
210 silly gunzTarPerm modified mode [ 'build/tsd/support/BundleManager.js', 436, 420 ]
211 silly gunzTarPerm extractEntry build/tsd/support/PackageDefinition.js
212 silly gunzTarPerm modified mode [ 'build/tsd/support/PackageDefinition.js', 436, 420 ]
213 silly gunzTarPerm extractEntry build/tsd/support/PackageLinker.js
214 silly gunzTarPerm modified mode [ 'build/tsd/support/PackageLinker.js', 436, 420 ]
215 silly gunzTarPerm extractEntry build/tsd/data/Def.js
216 silly gunzTarPerm modified mode [ 'build/tsd/data/Def.js', 436, 420 ]
217 silly gunzTarPerm extractEntry build/tsd/data/DefBlob.js
218 silly gunzTarPerm modified mode [ 'build/tsd/data/DefBlob.js', 436, 420 ]
219 silly gunzTarPerm extractEntry build/tsd/data/DefCommit.js
220 silly gunzTarPerm modified mode [ 'build/tsd/data/DefCommit.js', 436, 420 ]
221 silly gunzTarPerm extractEntry build/tsd/data/DefIndex.js
222 silly gunzTarPerm modified mode [ 'build/tsd/data/DefIndex.js', 436, 420 ]
223 silly gunzTarPerm extractEntry build/tsd/data/DefInfo.js
224 silly gunzTarPerm modified mode [ 'build/tsd/data/DefInfo.js', 436, 420 ]
225 silly gunzTarPerm extractEntry build/tsd/data/DefVersion.js
226 silly gunzTarPerm modified mode [ 'build/tsd/data/DefVersion.js', 436, 420 ]
227 silly gunzTarPerm extractEntry build/xm/assert.js
228 silly gunzTarPerm modified mode [ 'build/xm/assert.js', 436, 420 ]
229 silly gunzTarPerm extractEntry build/xm/collection.js
230 silly gunzTarPerm modified mode [ 'build/xm/collection.js', 436, 420 ]
231 silly gunzTarPerm extractEntry build/xm/dateUtils.js
232 silly gunzTarPerm modified mode [ 'build/xm/dateUtils.js', 436, 420 ]
233 silly gunzTarPerm extractEntry build/xm/encode.js
234 silly gunzTarPerm modified mode [ 'build/xm/encode.js', 436, 420 ]
235 silly gunzTarPerm extractEntry build/xm/fileIO.js
236 silly gunzTarPerm modified mode [ 'build/xm/fileIO.js', 436, 420 ]
237 silly gunzTarPerm extractEntry build/xm/assertVar.js
238 silly gunzTarPerm modified mode [ 'build/xm/assertVar.js', 436, 420 ]
239 silly gunzTarPerm extractEntry build/xm/inspect.js
240 silly gunzTarPerm modified mode [ 'build/xm/inspect.js', 436, 420 ]
241 silly gunzTarPerm extractEntry build/xm/stringUtils.js
242 silly gunzTarPerm modified mode [ 'build/xm/stringUtils.js', 436, 420 ]
243 silly gunzTarPerm extractEntry build/xm/objectUtils.js
244 silly gunzTarPerm modified mode [ 'build/xm/objectUtils.js', 436, 420 ]
245 silly gunzTarPerm extractEntry build/xm/parseString.js
246 silly gunzTarPerm modified mode [ 'build/xm/parseString.js', 436, 420 ]
247 silly gunzTarPerm extractEntry build/xm/typeOf.js
248 silly gunzTarPerm modified mode [ 'build/xm/typeOf.js', 436, 420 ]
249 silly gunzTarPerm extractEntry build/xm/hash.js
250 silly gunzTarPerm modified mode [ 'build/xm/hash.js', 436, 420 ]
251 silly gunzTarPerm extractEntry build/xm/lib/ActionMap.js
252 silly gunzTarPerm modified mode [ 'build/xm/lib/ActionMap.js', 436, 420 ]
253 silly gunzTarPerm extractEntry build/xm/lib/CodeStyle.js
254 silly gunzTarPerm modified mode [ 'build/xm/lib/CodeStyle.js', 436, 420 ]
255 silly gunzTarPerm extractEntry build/xm/lib/JSONPointer.js
256 silly gunzTarPerm modified mode [ 'build/xm/lib/JSONPointer.js', 436, 420 ]
257 silly gunzTarPerm extractEntry build/xm/lib/JSONStabilizer.js
258 silly gunzTarPerm modified mode [ 'build/xm/lib/JSONStabilizer.js', 436, 420 ]
259 silly gunzTarPerm extractEntry build/xm/lib/PackageJSON.js
260 silly gunzTarPerm modified mode [ 'build/xm/lib/PackageJSON.js', 436, 420 ]
261 silly gunzTarPerm extractEntry build/xm/lib/StatCounter.js
262 silly gunzTarPerm modified mode [ 'build/xm/lib/StatCounter.js', 436, 420 ]
263 silly gunzTarPerm extractEntry build/xm/lib/StyledOut.js
264 silly gunzTarPerm modified mode [ 'build/xm/lib/StyledOut.js', 436, 420 ]
265 silly gunzTarPerm extractEntry build/xm/lib/URLManager.js
266 silly gunzTarPerm modified mode [ 'build/xm/lib/URLManager.js', 436, 420 ]
267 silly gunzTarPerm extractEntry build/xm/lib/eventLog.js
268 silly gunzTarPerm modified mode [ 'build/xm/lib/eventLog.js', 436, 420 ]
269 silly gunzTarPerm extractEntry conf/settings.json
270 silly gunzTarPerm modified mode [ 'conf/settings.json', 436, 420 ]
271 silly gunzTarPerm extractEntry tsconfig.json
272 silly gunzTarPerm modified mode [ 'tsconfig.json', 436, 420 ]
273 silly lockFile fd389bbb-8762-0-14213074068538845-package tar:///home/nastia/tmp/npm-16583-J6mSkuRs/1454606538762-0.14213074068538845/package
274 silly lockFile fd389bbb-8762-0-14213074068538845-package tar:///home/nastia/tmp/npm-16583-J6mSkuRs/1454606538762-0.14213074068538845/package
275 silly lockFile 2de60620-8762-0-14213074068538845-tmp-tgz tar:///home/nastia/tmp/npm-16583-J6mSkuRs/1454606538762-0.14213074068538845/tmp.tgz
276 silly lockFile 2de60620-8762-0-14213074068538845-tmp-tgz tar:///home/nastia/tmp/npm-16583-J6mSkuRs/1454606538762-0.14213074068538845/tmp.tgz
277 verbose tar pack [ '/home/nastia/.npm/tsd/0.6.5/package.tgz',
277 verbose tar pack   '/home/nastia/tmp/npm-16583-J6mSkuRs/1454606538762-0.14213074068538845/package' ]
278 verbose tarball /home/nastia/.npm/tsd/0.6.5/package.tgz
279 verbose folder /home/nastia/tmp/npm-16583-J6mSkuRs/1454606538762-0.14213074068538845/package
280 silly lockFile fd389bbb-8762-0-14213074068538845-package tar:///home/nastia/tmp/npm-16583-J6mSkuRs/1454606538762-0.14213074068538845/package
281 verbose lock tar:///home/nastia/tmp/npm-16583-J6mSkuRs/1454606538762-0.14213074068538845/package /home/nastia/.npm/fd389bbb-8762-0-14213074068538845-package.lock
282 silly lockFile cc15e898-nastia-npm-tsd-0-6-5-package-tgz tar:///home/nastia/.npm/tsd/0.6.5/package.tgz
283 verbose lock tar:///home/nastia/.npm/tsd/0.6.5/package.tgz /home/nastia/.npm/cc15e898-nastia-npm-tsd-0-6-5-package-tgz.lock
284 silly lockFile fd389bbb-8762-0-14213074068538845-package tar:///home/nastia/tmp/npm-16583-J6mSkuRs/1454606538762-0.14213074068538845/package
285 silly lockFile fd389bbb-8762-0-14213074068538845-package tar:///home/nastia/tmp/npm-16583-J6mSkuRs/1454606538762-0.14213074068538845/package
286 silly lockFile cc15e898-nastia-npm-tsd-0-6-5-package-tgz tar:///home/nastia/.npm/tsd/0.6.5/package.tgz
287 silly lockFile cc15e898-nastia-npm-tsd-0-6-5-package-tgz tar:///home/nastia/.npm/tsd/0.6.5/package.tgz
288 silly lockFile 5ad33ada-ome-nastia-npm-tsd-0-6-5-package /home/nastia/.npm/tsd/0.6.5/package
289 verbose lock /home/nastia/.npm/tsd/0.6.5/package /home/nastia/.npm/5ad33ada-ome-nastia-npm-tsd-0-6-5-package.lock
290 silly lockFile 5ad33ada-ome-nastia-npm-tsd-0-6-5-package /home/nastia/.npm/tsd/0.6.5/package
291 silly lockFile 5ad33ada-ome-nastia-npm-tsd-0-6-5-package /home/nastia/.npm/tsd/0.6.5/package
292 verbose tar unpack /home/nastia/.npm/tsd/0.6.5/package.tgz
293 silly lockFile 7d789aa7-ome-nastia-npm-tsd-0-6-5-package tar:///home/nastia/.npm/tsd/0.6.5/package
294 verbose lock tar:///home/nastia/.npm/tsd/0.6.5/package /home/nastia/.npm/7d789aa7-ome-nastia-npm-tsd-0-6-5-package.lock
295 silly lockFile cc15e898-nastia-npm-tsd-0-6-5-package-tgz tar:///home/nastia/.npm/tsd/0.6.5/package.tgz
296 verbose lock tar:///home/nastia/.npm/tsd/0.6.5/package.tgz /home/nastia/.npm/cc15e898-nastia-npm-tsd-0-6-5-package-tgz.lock
297 silly gunzTarPerm modes [ '755', '644' ]
298 silly gunzTarPerm extractEntry package.json
299 silly gunzTarPerm extractEntry README.md
300 silly gunzTarPerm extractEntry LICENSE.txt
301 silly gunzTarPerm extractEntry build/api.js
302 silly gunzTarPerm extractEntry build/bootstrap.js
303 silly gunzTarPerm extractEntry build/cli.js
304 silly gunzTarPerm extractEntry build/getContent.js
305 silly gunzTarPerm extractEntry build/expose/Command.js
306 silly gunzTarPerm extractEntry build/expose/ContextHandle.js
307 silly gunzTarPerm extractEntry build/expose/ContextValueHandle.js
308 silly gunzTarPerm extractEntry build/expose/Expose.js
309 silly gunzTarPerm extractEntry build/expose/ExposeError.js
310 silly gunzTarPerm extractEntry build/expose/Context.js
311 silly gunzTarPerm extractEntry build/expose/Group.js
312 silly gunzTarPerm extractEntry build/expose/Level.js
313 silly gunzTarPerm extractEntry build/expose/Option.js
314 silly gunzTarPerm extractEntry build/expose/Result.js
315 silly gunzTarPerm extractEntry build/expose/ResultHandle.js
316 silly gunzTarPerm extractEntry build/expose/CommandSorter.js
317 silly gunzTarPerm extractEntry build/expose/sorter.js
318 silly gunzTarPerm extractEntry build/expose/Formatter.js
319 silly gunzTarPerm extractEntry build/git/GithubRepo.js
320 silly gunzTarPerm extractEntry build/git/GithubRepoConfig.js
321 silly gunzTarPerm extractEntry build/git/GithubURLs.js
322 silly gunzTarPerm extractEntry build/git/gitUtil.js
323 silly gunzTarPerm extractEntry build/git/loader/GithubAPI.js
324 silly gunzTarPerm extractEntry build/git/loader/GithubLoader.js
325 silly gunzTarPerm extractEntry build/git/loader/GithubRaw.js
326 silly gunzTarPerm extractEntry build/git/model/GitCommitMessage.js
327 silly gunzTarPerm extractEntry build/git/model/GitCommitUser.js
328 silly gunzTarPerm extractEntry build/git/model/GithubJSONTreeElem.js
329 silly gunzTarPerm extractEntry build/git/model/GithubRateInfo.js
330 silly gunzTarPerm extractEntry build/git/model/GithubUser.js
331 silly gunzTarPerm extractEntry build/http/CacheInfo.js
332 silly gunzTarPerm extractEntry build/http/CacheMode.js
333 silly gunzTarPerm extractEntry build/http/CacheObject.js
334 silly gunzTarPerm extractEntry build/http/CacheOpts.js
335 silly gunzTarPerm extractEntry build/http/CacheRequest.js
336 silly gunzTarPerm extractEntry build/http/CacheStreamLoader.js
337 silly gunzTarPerm extractEntry build/http/HTTPCache.js
338 silly gunzTarPerm extractEntry build/http/HTTPOpts.js
339 silly gunzTarPerm extractEntry build/http/ResponseInfo.js
340 silly gunzTarPerm extractEntry build/http/types.js
341 silly gunzTarPerm extractEntry build/tsd/API.js
342 silly gunzTarPerm extractEntry build/tsd/Options.js
343 silly gunzTarPerm extractEntry build/tsd/CLI.js
344 silly gunzTarPerm extractEntry build/tsd/cli/CLIPrinter.js
345 silly gunzTarPerm extractEntry build/tsd/cli/StyleMap.js
346 silly gunzTarPerm extractEntry build/tsd/cli/TablePrinter.js
347 silly gunzTarPerm extractEntry build/tsd/cli/addCommon.js
348 silly gunzTarPerm extractEntry build/tsd/cli/cliUtils.js
349 silly gunzTarPerm extractEntry build/tsd/cli/const.js
350 silly gunzTarPerm extractEntry build/tsd/cli/tracker.js
351 silly gunzTarPerm extractEntry build/tsd/cli/update.js
352 silly gunzTarPerm extractEntry build/tsd/context/Config.js
353 silly gunzTarPerm extractEntry build/tsd/context/Const.js
354 silly gunzTarPerm extractEntry build/tsd/context/Context.js
355 silly gunzTarPerm extractEntry build/tsd/context/InstalledDef.js
356 silly gunzTarPerm extractEntry build/tsd/context/Paths.js
357 silly gunzTarPerm extractEntry build/tsd/util/DateComp.js
358 silly gunzTarPerm extractEntry build/tsd/util/defUtil.js
359 silly gunzTarPerm extractEntry build/tsd/util/error-handler.js
360 silly gunzTarPerm extractEntry build/tsd/logic/ConfigIO.js
361 silly gunzTarPerm extractEntry build/tsd/logic/ContentLoader.js
362 silly gunzTarPerm extractEntry build/tsd/logic/Core.js
363 silly gunzTarPerm extractEntry build/tsd/logic/CoreModule.js
364 silly gunzTarPerm extractEntry build/tsd/logic/IndexManager.js
365 silly gunzTarPerm extractEntry build/tsd/logic/InfoParser.js
366 silly gunzTarPerm extractEntry build/tsd/logic/InstallResult.js
367 silly gunzTarPerm extractEntry build/tsd/logic/Installer.js
368 silly gunzTarPerm extractEntry build/tsd/logic/Resolver.js
369 silly gunzTarPerm extractEntry build/tsd/logic/SelectorQuery.js
370 silly gunzTarPerm extractEntry build/tsd/schema/config.js
371 silly gunzTarPerm extractEntry build/tsd/select/CommitMatcher.js
372 silly gunzTarPerm extractEntry build/tsd/select/DateMatcher.js
373 silly gunzTarPerm extractEntry build/tsd/select/InfoMatcher.js
374 silly gunzTarPerm extractEntry build/tsd/select/NameMatcher.js
375 silly gunzTarPerm extractEntry build/tsd/select/Query.js
376 silly gunzTarPerm extractEntry build/tsd/select/Selection.js
377 silly gunzTarPerm extractEntry build/tsd/select/VersionMatcher.js
378 silly gunzTarPerm extractEntry build/tsd/support/AuthorInfo.js
379 silly gunzTarPerm extractEntry build/tsd/support/Bundle.js
380 silly gunzTarPerm extractEntry build/tsd/support/BundleChange.js
381 silly gunzTarPerm extractEntry build/tsd/support/BundleManager.js
382 silly gunzTarPerm extractEntry build/tsd/support/PackageDefinition.js
383 silly gunzTarPerm extractEntry build/tsd/support/PackageLinker.js
384 silly gunzTarPerm extractEntry build/tsd/data/Def.js
385 silly gunzTarPerm extractEntry build/tsd/data/DefBlob.js
386 silly gunzTarPerm extractEntry build/tsd/data/DefCommit.js
387 silly gunzTarPerm extractEntry build/tsd/data/DefIndex.js
388 silly gunzTarPerm extractEntry build/tsd/data/DefInfo.js
389 silly gunzTarPerm extractEntry build/tsd/data/DefVersion.js
390 silly gunzTarPerm extractEntry build/xm/assert.js
391 silly gunzTarPerm extractEntry build/xm/collection.js
392 silly gunzTarPerm extractEntry build/xm/dateUtils.js
393 silly gunzTarPerm extractEntry build/xm/encode.js
394 silly gunzTarPerm extractEntry build/xm/fileIO.js
395 silly gunzTarPerm extractEntry build/xm/assertVar.js
396 silly gunzTarPerm extractEntry build/xm/inspect.js
397 silly gunzTarPerm extractEntry build/xm/stringUtils.js
398 silly gunzTarPerm extractEntry build/xm/objectUtils.js
399 silly gunzTarPerm extractEntry build/xm/parseString.js
400 silly gunzTarPerm extractEntry build/xm/typeOf.js
401 silly gunzTarPerm extractEntry build/xm/hash.js
402 silly gunzTarPerm extractEntry build/xm/lib/ActionMap.js
403 silly gunzTarPerm extractEntry build/xm/lib/CodeStyle.js
404 silly gunzTarPerm extractEntry build/xm/lib/JSONPointer.js
405 silly gunzTarPerm extractEntry build/xm/lib/JSONStabilizer.js
406 silly gunzTarPerm extractEntry build/xm/lib/PackageJSON.js
407 silly gunzTarPerm extractEntry build/xm/lib/StatCounter.js
408 silly gunzTarPerm extractEntry build/xm/lib/StyledOut.js
409 silly gunzTarPerm extractEntry build/xm/lib/URLManager.js
410 silly gunzTarPerm extractEntry build/xm/lib/eventLog.js
411 silly gunzTarPerm extractEntry conf/settings.json
412 silly gunzTarPerm extractEntry tsconfig.json
413 silly lockFile 7d789aa7-ome-nastia-npm-tsd-0-6-5-package tar:///home/nastia/.npm/tsd/0.6.5/package
414 silly lockFile 7d789aa7-ome-nastia-npm-tsd-0-6-5-package tar:///home/nastia/.npm/tsd/0.6.5/package
415 silly lockFile cc15e898-nastia-npm-tsd-0-6-5-package-tgz tar:///home/nastia/.npm/tsd/0.6.5/package.tgz
416 silly lockFile cc15e898-nastia-npm-tsd-0-6-5-package-tgz tar:///home/nastia/.npm/tsd/0.6.5/package.tgz
417 verbose chmod /home/nastia/.npm/tsd/0.6.5/package.tgz 644
418 verbose chown /home/nastia/.npm/tsd/0.6.5/package.tgz [ 1000, 1000 ]
419 silly lockFile 0f1b12ad-stry-npmjs-org-tsd-tsd-0-6-5-tgz https://registry.npmjs.org/tsd/-/tsd-0.6.5.tgz
420 silly lockFile 0f1b12ad-stry-npmjs-org-tsd-tsd-0-6-5-tgz https://registry.npmjs.org/tsd/-/tsd-0.6.5.tgz
421 silly lockFile 25f4a34c-tsd-0-6-5 tsd@0.6.5
422 silly lockFile 25f4a34c-tsd-0-6-5 tsd@0.6.5
423 silly lockFile ff70fa42-tsd tsd@
424 silly lockFile ff70fa42-tsd tsd@
425 silly resolved [ { name: 'tsd',
425 silly resolved     version: '0.6.5',
425 silly resolved     description: 'TypeScript Definition manager for DefinitelyTyped',
425 silly resolved     keywords: [ 'typescript', 'definition', 'package', 'manager' ],
425 silly resolved     homepage: 'https://github.com/DefinitelyTyped/tsd',
425 silly resolved     repository:
425 silly resolved      { type: 'git',
425 silly resolved        url: 'https://github.com/DefinitelyTyped/tsd.git' },
425 silly resolved     author:
425 silly resolved      { name: 'Bart van der Schoor',
425 silly resolved        url: 'https://github.com/Bartvds' },
425 silly resolved     contributors: [ [Object] ],
425 silly resolved     licenses: [ [Object] ],
425 silly resolved     bugs: { url: 'https://github.com/DefinitelyTyped/tsd/issues' },
425 silly resolved     preferGlobal: true,
425 silly resolved     engines: { node: '>= 0.10.0' },
425 silly resolved     main: './build/api.js',
425 silly resolved     bin: { tsd: './build/cli.js' },
425 silly resolved     scripts: { test: 'grunt test', prepublish: 'grunt pre_publish' },
425 silly resolved     dependencies:
425 silly resolved      { 'assertion-error': '1.0.0',
425 silly resolved        bl: '^0.9.3',
425 silly resolved        bluebird: '~1.2.4',
425 silly resolved        chalk: '^1.0.0',
425 silly resolved        colors: '^1.1.0',
425 silly resolved        'deep-freeze': '0.0.1',
425 silly resolved        'definition-header': '~0.1.0',
425 silly resolved        'detect-indent': '^0.2.0',
425 silly resolved        diff: '^1.4.0',
425 silly resolved        'event-stream': '~3.1.5',
425 silly resolved        exit: '~0.1.2',
425 silly resolved        glob: '^4.0.6',
425 silly resolved        joi: '^4.7.0',
425 silly resolved        'joi-assert': '0.0.3',
425 silly resolved        jsesc: '^0.5.0',
425 silly resolved        'json-pointer': '^0.2.2',
425 silly resolved        'lazy.js': '~0.3.2',
425 silly resolved        'lru-cache': '~2.5.0',
425 silly resolved        minimatch: '^1.0.0',
425 silly resolved        minimist: '^1.1.0',
425 silly resolved        ministyle: '~0.1.3',
425 silly resolved        minitable: '0.0.4',
425 silly resolved        miniwrite: '~0.1.3',
425 silly resolved        mkdirp: '~0.5.0',
425 silly resolved        open: '~0.0.5',
425 silly resolved        request: '^2.45.0',
425 silly resolved        rimraf: '~2.2.8',
425 silly resolved        semver: '^4.3.1',
425 silly resolved        'type-detect': '~0.1.2',
425 silly resolved        'universal-analytics': '~0.3.4',
425 silly resolved        'update-notifier': '^0.2.2',
425 silly resolved        'uri-templates': '~0.1.5',
425 silly resolved        uuid: '^2.0.1',
425 silly resolved        verror: '~1.4.0' },
425 silly resolved     devDependencies:
425 silly resolved      { chai: '~1.9.1',
425 silly resolved        'chai-as-promised': '~4.1.1',
425 silly resolved        'chai-fs': '^0.1.0',
425 silly resolved        'chai-fuzzy': '~1.4.0',
425 silly resolved        'chai-shallow-deep-equal': '0.0.3',
425 silly resolved        grunt: '~0.4.4',
425 silly resolved        'grunt-contrib-clean': '^0.6.0',
425 silly resolved        'grunt-contrib-connect': '~0.8.0',
425 silly resolved        'grunt-contrib-copy': '^0.6.0',
425 silly resolved        'grunt-contrib-jshint': '^0.10.0',
425 silly resolved        'grunt-mocha-test': '^0.12.1',
425 silly resolved        'grunt-regex-replace': '~0.2.5',
425 silly resolved        'grunt-shell': '^1.1.1',
425 silly resolved        'grunt-todos': '~0.3.0',
425 silly resolved        'grunt-ts': '4.1.0',
425 silly resolved        'grunt-ts-clean': '~0.2.0',
425 silly resolved        'grunt-tslint': 'git+https://github.com/Bartvds/grunt-tslint#feature/multi',
425 silly resolved        'grunt-tv4': '~0.4.0',
425 silly resolved        'gruntfile-gtx': '^0.3.0',
425 silly resolved        'jshint-path-reporter': '~0.1',
425 silly resolved        mocha: '^1.21.4',
425 silly resolved        'mocha-unfunk-reporter': '^0.4.0',
425 silly resolved        ncp: '^1.0.1',
425 silly resolved        'package.json-schema': '~0.2.0',
425 silly resolved        'source-map-support': '~0.2.6',
425 silly resolved        'time-grunt': '^1.0.0',
425 silly resolved        'tslint-path-formatter': '~0.1.1',
425 silly resolved        typescript: '1.5.3',
425 silly resolved        'dir-compare': '^0.0.2' },
425 silly resolved     readme: '# TSD\n\n[![Build Status](https://travis-ci.org/DefinitelyTyped/tsd.svg?branch=master)](https://travis-ci.org/DefinitelyTyped/tsd) [![Build status](https://ci.appveyor.com/api/projects/status/v4w7p3qvcuxhte33/branch/master?svg=true)](https://ci.appveyor.com/project/Diullei/tsd/branch/master) [![NPM version](https://badge.fury.io/js/tsd.svg)](http://badge.fury.io/js/tsd) [![Dependency Status](https://david-dm.org/DefinitelyTyped/tsd.svg)](https://david-dm.org/DefinitelyTyped/tsd) [![devDependency Status](https://david-dm.org/DefinitelyTyped/tsd/dev-status.svg)](https://david-dm.org/DefinitelyTyped/tsd#info=devDependencies)\n\n> TypeScript Definition manager for DefinitelyTyped\n\nTSD is a package manager to search and install [TypeScript](http://www.typescriptlang.org/) definition files directly from the community driven [DefinitelyTyped](https://github.com/borisyankov/DefinitelyTyped) repository.\n\n\n## Install\n\nInstall global using [node](http://nodejs.org/) using [npm](https://npmjs.org/).:\n\n````bash\nnpm install tsd -g\n````\n\nFor previews and history check the [release tags](https://github.com/DefinitelyTyped/tsd/releases).\n\n## Commands\n\n### Quick start\n\n````bash\n$ tsd install jquery --save\n\n$ tsd query angular -ir\n$ tsd query angularjs/\n\n$ tsd query jquery.*\n# glob on mac/linux\n$ tsd query "jquery.*"\n\n#install all definitions from tsd.json\n$ tsd install\n````\n\n### Commands\n\nGlobal `tsd` binary with help.\n\n````bash\n$ tsd\n$ tsd -h\n$ tsd --help\n$ tsd --version\n````\n\n[![$ tsd -h](https://raw.github.com/DefinitelyTyped/tsd/master/media/capture/help-small.png)](https://raw.github.com/DefinitelyTyped/tsd/master/media/capture/help.png)\n\nSometimes it looks like this:\n\n* [`$ tsd --help`](https://raw.github.com/DefinitelyTyped/tsd/master/media/capture/help.png)\n* [`$ tsd query async --info --history --action install`](https://raw.github.com/DefinitelyTyped/tsd/master/media/capture/async.png)\n* [`$ tsd query angular* --resolve`](https://raw.github.com/DefinitelyTyped/tsd/master/media/capture/angular.png)\n\n\n### Init\n\nCreate a new `tsd.json` and `tsd.d.ts`. This is not required but useful to init valid project references before starting to add (external) code, or if you want to edit the config.\n\n````bash\n$ tsd init\n````\n\n\n#### Search\n\nMinimal query for `d3`:\n\n````bash\n$ tsd query d3\n````\n\nGet some info about `jquery`:\n\n````bash\n$ tsd query jquery --info --resolve\n$ tsd query jquery -i -r\n$ tsd query jquery -ir\n````\n\nSearch for `jquery` plugins:\n\n````bash\n$ tsd query */jquery.*\n````\n\nHint: if you are using Linux or Mac OS X, use quotes to glob:\n\n````bash\n$ tsd query "*/jquery.*"\n````\n\nView `mocha` history:\n\n````bash\n$ tsd query mocha --history\n$ tsd query mocha -y\n````\n\nList *everything*:\n\n````bash\n$ tsd query *\n````\n\nNote: more info on queries can be found futher-on in this readme.\n\n#### Open a browser\n\nBrowse `pixi` definition on github:\n\n````bash\n$ tsd query pixi --action browse\n$ tsd query pixi -a browse\n````\n\nVisit `gruntjs` homepage:\n\n````bash\n$ tsd query gruntjs --action visit\n$ tsd query gruntjs -a visit\n````\n\n#### Install to project\n\nInstall `mocha`:\n\n````bash\n$ tsd install mocha\n````\n\nInstall `mocha` and save to `tsd.json`:\n\n````bash\n$ tsd install mocha --save\n$ tsd install mocha -s\n````\n\nSame as query action:\n````bash\n$ tsd query mocha --save --action install\n$ tsd query mocha -sa install\n````\n\n\nResolve the reference to `jquery`, overwrite existing files and save to `tsd.json`:\n\n````bash\n$ tsd install angular --resolve --overwrite --save\n$ tsd install angular -r -o -s\n$ tsd install angular -ros\n````\n\nSame as query action:\n````bash\n$ tsd query angular --resolve --overwrite --save --action install\n````\n\nInstall `mocha`, `chai` and `sinon` definitions all at once, with resolve references, overwrite existing files and save to `tsd.json`:\n\n````bash\n$ tsd install mocha chai sinon -ros\n````\n\nInstall all definitions from `tsd.json`:\n\n````bash\n$ tsd install\n````\n\n> NOTE: `tsd install` will work like `tsd reinstall --save --overwrite`\n\n#### Reinstall definitions\n\nReset the definitions to the commits listed in `tsd.json`:\n\n````bash\n$ tsd reinstall --save --overwrite\n$ tsd reinstall -s -o\n$ tsd reinstall -so\n````\n\n\n#### Update all definitions\n\nUpdate everything in `tsd.json` to head version in the repository:\n\n````bash\n$ tsd update --save --overwrite\n$ tsd update -s -o\n$ tsd update -so\n````\n\n\n#### Link to bundled definitions\n\nTSD supports discovery and linking of definitions from packages installed with `node` or `bower`.\n\nUse the `link` command and your `tsd.d.ts` will be updated with paths to the files in the `node_modules` or `bower_modules` folders.\n\n\n````bash\n$ tsd link\n````\n\nThis feature will scan `package.json` and `bower.json` files for a `typescript` element. This element then contains `definition` or `definitions` sub-element that contain relative path(s) to `.d.ts` files:\n\n\n````json\n{\n\t"name": "cool-module",\n\t"version": "1.2.3",\n\t"typescript": {\n\t\t"definition": "dist/cool-module.d.ts"\n\t}\n}\n````\n\nIf the module exports multiple independent files,eg: for some reason not internally `<reference>`\'d:\n\n````json\n{\n\t"name": "cool-module",\n\t"version": "1.2.3",\n\t"typescript": {\n\t\t"definitions": [\n\t\t\t"dist/cool-partA.d.ts",\n\t\t\t"dist/cool-partB.d.ts"\n\t\t]\n\t}\n}\n````\n\n\n#### Rebundle definition file\n\nCleanup the bundle file (usually `tsd.d.ts`): remove paths to non-existent files, and append unlisted definitions. Handy when editing definitions.\n\n````bash\n$ tsd rebundle\n````\n\n\n#### Rate-limit\n\nPrint current Github rate-limit info\n\n````bash\n$ tsd rate\n````\n\n\n#### Clear http cache\n\nForcefully remove global http cache files\n\n````bash\n$ tsd purge\n````\n\n\n## Detailed queries\n\nThere are various ways to select files from the repository index.\n\n### Module name\n\nTSD uses a (globbing) path + filename selector to query the [DefinitelyTyped index](https://github.com/borisyankov/DefinitelyTyped). The results can then be modified using various filters:\n\nNote how the definition filename takes priority:\n\n````bash\n$ tsd query module\n$ tsd query project/module\n````\n\n\nFor example, consider these definitions:\n\n````\nproject/module.d.ts\nproject/module-0.1.2.d.ts\nproject/module-addon.d.ts\n\nproject-plugin/plugin.d.ts\n\nother/module.d.ts\nother/plugin.d.ts\n````\n\nNotice the pattern, and ignore the `.d.ts` extension:\n\n````html\n<project>/<module><semver>.d.ts\n````\n\nSelect definitions using only the module name:\n\n````bash\n$ tsd query module\n$ tsd query module-addon\n````\n\nOr use a selector derived from the path format:\n\n````bash\n$ tsd query project/module\n$ tsd query other/module\n````\n\nOr simply get everything in a project:\n\n````bash\n$ tsd query project/\n````\n\n### Globbing filter\n\nThe selector also supports globbing, for example:\n\n````bash\n$ tsd query project/*\n$ tsd query project*\n$ tsd query module*\n$ tsd query project/module*\n$ tsd query project-*/plugin*\n$ tsd query *project*/*\n$ tsd query project/plugin*\n$ tsd query other/module\n$ tsd query */module\n$ tsd query */module-*\n$ tsd query */*plugin\n````\n\nHint: if you are using Linux or Mac OS X, use quotes to glob:\n\n````bash\n$ tsd query "*/jquery.*"\n````\n\n### Semver filter\n\nNote: the [semver](https://github.com/isaacs/node-semver) postfix of definition files is expected to be separated by a dash and possibly a `\'v\'`\n\n````\nmodule-0.1.2\nmodule-v0.1.2\nmodule-v0.1.2-alpha\n````\n\nIf there are multiple matches with same module name they will be prioritised:\n\n1.\tThe unversioned name is considered being most recent.\n2.\tThen versions are compared as expected following these [comparison](https://github.com/isaacs/node-semver#comparison) rules.\n3.\tUse the `--version` / `-v` option to set a semver-range:\n\n````bash\n$ tsd query node -v latest\n$ tsd query node -v all\n$ tsd query node -v ">=0.8 <0.10"\n$ tsd query node -v "<0.10"\n````\n\n### Date filter\n\nUse the `--date` / `-d` option to set a date-range (find dates using `--history` / `-y`):\n\n````bash\n$ tsd query d3 --history\n$ tsd query d3 --date ">=2012-01-01"\n\n$ tsd query d3 -y\n$ tsd query d3 -d "<2012-01-01"\n````\n\n### Commit filter\n\nUse the `--commit` / `-c` option to supply sha1-hash of a commit (find a commit hash using `--history`), for convenience a shortened sha1 hash is supported.\n\n````bash\n$ tsd query youtube --history\n$ tsd query youtube --commit d6ff\n\n$ tsd query youtube -y\n$ tsd query youtube -c d6ff\n````\n\nNotes:\n\n1. For now this only works with commits that actually changed the definition file you selected (eg, listed in `--history`) This will be expanded to allow selecting from any commit at a later date.\n\n## Special files\n\n### tsd.json\n\nThe `tsd.json` file is automatically created in the root of each project: it configures TSD and it tracks the definitions that are installed (using `--save`).\n\nTo generate a default `tsd.json` run:\n\n````bash\n$ tsd init\n````\n\nAn example configuration the \'node.js\' definition installed would look like this:\n\n````json\n{\n\t"version": "v4",\n\t"repo": "borisyankov/DefinitelyTyped",\n\t"ref": "master",\n\t"path": "typings",\n\t"bundle": "typings/tsd.d.ts",\n\t"installed": {\n\t\t"node/node.d.ts": {\n\t\t\t"commit": "6834f97fb33561a3ad40695084da2b660efaee29"\n\t\t}\n    }\n}\n````\n\nSupported fields:\n\n\n| field | required | default | description  |\n|---|---|---|---|\n| `version` | yes | `v4` | Tracks config version for future changes (don\'t change this).\n| `repo` | yes | `borisyankov/DefinitelyTyped` |  Github user and repo name of the typings repository. Change this if you want to use TSD from a DefinitelyTyped fork.\n| `ref` | yes | `master` | Branch name or other git reference of the repository. Change this to use legacy branches.\n| `path` | yes | `typings` | Path to the typings directory, the definitions will be installed in the appropriate sub-folders. Change this to have typings in your main code directory, but this is not recommended as the mixed styles used in the definitions it will confuse your inspections and lint-tools.\n| `bundle` | no | `typings/tsd.d.ts` | Path to a `.d.ts` bundle file (see below). Change this if you want the bundle to be closer to the actual source files. TSD will create the appropriate relative paths.\n| `stats` | no | (not set) | Set to `false` to disable the stats tracking. Keep in mind the stats are anonymous, help us improve TSD & DT and motivate us to spend our time on development. See below for the \'Privacy statement\'.\n\n--\n\n### tsd.d.ts\n\nThe `tsd.d.ts` file refers every definition that is installed with `--save` for convenient and explicit single reference from code.\n\n````\n/// <reference path="../typings/tsd.d.ts" />\n````\n\nBy default it is created in the typings folder but the name and location are configurable in `tsd.json`. When adding new references TSD will check the existing references and respects re-ordering (ordering is important for inter-dependent definitions).\n\n\n--\n\n### .tsdrc\n\nThis is a optional JSON encoded file to define global settings. TSD looks for it in the  user\'s home director (eg: `%USERPROFILE%` on Windows, `$HOME` / `~` on Linux), and in the current working directory.\n\n- "**proxy**" - Use a http `proxy`\n\nAny standard http-proxy as supported by the [request](https://github.com/mikeal/request) package.\n\n````json\n{\n\t"proxy": "http://proxy.example.com:88"\n}\n````\n\n- "**strictSSL**" - Toggle strictSSL verification:\n\nEnabled by default, setting this option to `false` disables strict SSL. Passed to [request](https://github.com/mikeal/request) package.\n\nUseful behind (corporate) proxies that act like man-in-the middle on https connections.\n\n````json\n{\n\t"strictSSL": false\n}\n````\n\n- "**token**" - Github OAuth token:\n\nThe OAuth token can be used to boost the Github API rate-limit from 60 to 5000 (non-cached) requests per hour. The is token needs just [\'read-only access to public information\'](http://developer.github.com/v3/oauth/#scopes) so no additional OAuth scopes are necessary.\n\n````json\n{\n\t"token": "0beec7b5ea3f0fdbc95d0dd47f3c5bc275da8a33"\n}\n````\n\nYou can also set the token using the `TSD_GITHUB_TOKEN` environment variable.\n\nYou can create this token on Github.com:\n\n1. Go to https://github.com/settings/tokens/new\n3. *Deselect* all scopes to create a token with just basic authentication.\n\t1. (verify you *really* deselected all scopes)\n\t5. (wonder why these presets were set??)\n2. Enter a identifying name, something like "`TSD Turbo 5000`"\n5. Create the token.\n6. Copy the hex-string to the `token` element in the `.tsdrc` file.\n6. Verify enhanced rate-limit using `$ tsd rate`\n\nChange or revoke the token at any time on https://github.com/settings/applications\n\nNote: keep in mind the `.tsdrc` file is *not* secured. Don\'t use a token with additional scope unless you know what you are doing.\n\nThe bare \'no scope\' token is *relatively* harmless as it gives \'read-only access to public information\', same as any non-authenticated access. But it does *identify* any requests done with it as being *yours*, so it is still *your* responsibility to keep the token private.\n\n## Usage as module\n\nTSD can be used as a JavaScript npm dependency:\n\n````js\nvar tsd = require(\'tsd\');\nvar api = new tsd.API(new tsd.Context(\'path/to/tsd-config.json\'));\napi.search(new tsd.Selector(\'jquery/*\')).then(function(res) {\n\t// yes\n\tutil.inspect(res);\n\n}, function(err) {\n\t// no\n});\n````\n\nFor a practical example see [grunt-tsd](https://github.com/DefinitelyTyped/grunt-tsd).\n\nTSD uses Promise/A+ by [bluebird](https://github.com/petkaantonov/bluebird). :point_left::+1:\n\nAPI export is somewhat experimental; take care to lock versions and test on upgrade. If you plan to use TSD as module in a tool or project then feel free to [leave a message](https://github.com/DefinitelyTyped/tsd/issues) and coordinate stuff.\n\n### API docs\n\nNot yet.\n\n## Notes\n\n*\tIt is recommended you check-in the definitions you install into your VCS.\n*\tDon\'t forget to move your fixes back to [DefinitelyTyped](https://github.com/borisyankov/DefinitelyTyped)\n\n#### Github rate-limit\n\nThe Github API has a 60-requests-per-hour [rate-limit](http://developer.github.com/v3/#rate-limiting) for non-authenticated use. You\'ll likely never hit this as TSD uses local caching and the definition files are downloaded from Github RAW urls. If you need some more then a scope-limited Github OAuth token can be used to boost the limit to 5000.\n\n#### Usage stats & update-notifier\n\nThe CLI tool [tracks](https://github.com/DefinitelyTyped/tsd/blob/master/src/tsd/cli/tracker.ts) some *anonymous* usage statistics about what definitions are installed though TSD in Google Analytics (using [universal-analytics](https://npmjs.org/package/universal-analytics)). There is also a [update-notifier](https://npmjs.org/package/update-notifier) service to check for TSD updates.\n\n\n## FAQ & Info\n\n### Is there a build task available?\n\nOf course! The official plugin is [grunt-tsd](https://github.com/DefinitelyTyped/grunt-tsd), and the community created [gulp-tsd](https://github.com/moznion/gulp-tsd).\n\n### I hit the Github rate-limit, now what?\n\nIf TSD is used in a way that needs many unique API calls in a short period (like using `--history` on big selections), or shares an internet-connection with multiple users (like in an office) then the rate limit blocks the API. It blocks for 60 minutes after the *first* request of the total 60.\n\nFor these cases TSD has an option to use a Github OAuth token and raise your local rate-limit from 60 to 5000 per hour. See the `.tsdrc`-section elsewhere in the readme.\n\n### Does TSD work behind a (corporate) http proxy?\n\nAs of `v0.5.7` there are two ways to configure the location of the proxy server:\n\n1. Use a environment variable. TSD support the conventional fields: pick one of `HTTPS_PROXY`, `https_proxy`, `HTTP_PROXY` or `http_proxy`.\n1. Use a global `.tsdrc` file and set a `proxy` value (see the tsdrc-section elsewhere in the readme).\n\n### What if my proxy terminates SSL?\n\nAs of `v0.6.0` strict SSL verification can be disabled in `.tsdrc` via `strictSSL` variable (see tsdrc-section).\n\n### Can TSD auto-install definitions for a specific package version?\n\nYes, and no (and later yes again)\n\nThere is basic support for parsing semver-postfixes from the definition file names, and you can filter on this using [semver](https://github.com/isaacs/node-semver) ranges with the `--version` option: Try it with the \'node\' definitions.\n\nIt works well but is not used much in the current DefinitelyTyped repository. The DefinitelyTyped [group](https://github.com/DefinitelyTyped/tsd/issues) is working on a meta-data source that will solve this (the [Nuget exporter](https://github.com/DefinitelyTyped/NugetAutomation) is waiting for this too).\n\n### What is the location of the cache folders?\n\nThe cache is stored in the users home directory (like `$ npm`). Use `$ tsd settings` to view the current paths. Use the `--cacheDir` to override the cache directory, or `--cacheMode` to modify caching behaviour.\n\n### I have a suggestion or contribution\n\nFeel free to leave a [ticket](https://github.com/DefinitelyTyped/tsd/issues). Questions and contributions for the definition files go [here](https://github.com/borisyankov/DefinitelyTyped/issues).\n\n## History\n\n### v0.6.x ( > 2014-10)\n\n* Long delayed release of major overhaul: migrated code to external module style and reworked many features, subsystems and dependencies. Development in [dev/next](https://github.com/DefinitelyTyped/tsd/tree/dev/next) branch.\n\n* Interesting changes\n\t* added `install` command to CLI\n\t* improved module-name pattern matching\n\t* refreshed CLI interface, formatting, help\n\t* reworked http download/cache\n\t* switched many modules, added `definition-header`\n\t* replaced ugly node-gyp sub-dependency\n\n### v0.5.x ( > 2013-08)\n\n* Current release versions. See the [release tags](https://github.com/DefinitelyTyped/tsd/releases) fore more details.\n\n* Full rewrite by @[Bartvds](https://github.com/Bartvds): drops the separated TSD data registry in favour of using the [Github API](http://developer.github.com/) to pull definitions directly from [DefinitelyTyped](https://github.com/borisyankov/DefinitelyTyped).\n\n### v0.3.x\n\n* Original version by @[Diullei](https://github.com/Diullei).\n\nTo install `v0.3.x` (old readme [here](https://github.com/DefinitelyTyped/tsd/blob/legacy/README.md)):\n\n````bash\n$ npm install tsd@0.3.0 -g\n````\n\n## Build\n\nTSD is compiled with [TypeScript](http://www.typescriptlang.org/) `v1.1.0-1` and managed using [Grunt](http://www.gruntjs.com).\n\nTo rebuild clone the repos:\n\nInstall dependencies:\n\n````bash\n$ npm install\n````\n\nBuild, lint and test:\n\n````bash\n$ grunt test\n````\n\nOnly rebuild:\n\n````bash\n$ grunt build\n````\n\nRun in dev folder:\n\n````bash\n$ node ./build/cli.js query d3 --dev\n````\n\nInstall dev folder to global cli:\n\n````bash\n$ npm install . -g\n````\n\nTSD uses [gruntfile-gtx](https://github.com/Bartvds/gruntfile-gtx) to test separate test suites sets during development:\n\nList aliases:\n\n````bash\n$ grunt -h\n````\n\nExample: run only api tests:\n\n````bash\n$ grunt gtx:api\n$ grunt gtx:cli\n$ grunt gtx:tsd\n````\n\nIt is recommend you use an intelligent parsing IDE (WebStorm or VisualStudio) and a big screen (or two) on a properly powerful workstation.\n\nCode looks best with tabs rendered at 4 spaces (3 is nice too, or 6 or 8.. I don\'t really care, because [smart-tabs](http://www.emacswiki.org/SmartTabs) are awesome like that). The gruntfile uses slightly harsh [JSHint](https://github.com/jshint/jshint) and [TSLint](https://github.com/palantir/tslint) settings to enforce code style, but there is an [`.editorconfig`](http://editorconfig.org/) to elevate some of the pain.\n\nMaster branch is the release version, new development happens currently in [dev/next](https://github.com/DefinitelyTyped/tsd/tree/dev/next) branch: probably broken and regularly rebased for near future.\n\n\n## Contribute\n\nContributions are very welcome; please discuss larger changes in a [ticket](https://github.com/DefinitelyTyped/tsd/issues) first. Fixes and simple enhancements are always much appreciated. Please make sure you work in the right branch.\n\n**Note:** Contributions on the definition files go directly to [DefinitelyTyped](https://github.com/borisyankov/DefinitelyTyped).\n\n\n## Privacy\n\nThe TSD CLI tool collects definition usage information, like the queries made to the repo and the definitions that get installed. The information collected amounts to about same level of detail as services like npm or github would collect (maybe even less as we don\'t track a user id).\n\nThe API does not track anything.\n\nTo store this TSD uses [Google Analytics](http://www.google.com/analytics/) in the excellent [universal-analytics](https://npmjs.org/package/universal-analytics) package. We might at some point publish some anonymised aggregate stats to the DefinitelyTyped website.\n\nChanges to the policy should be announced in release notes, and ideally ask confirmation on the first CLI use.\n\nKeep in mind we\'re just devs like you and are working on this in our spare time; we run this project out of love and duty and most of all for fun as learning experience. The stats give us helpful insights into the usage of TSD, and of course the growing numbers and graphs motivate us to spend our time on further development.\n\n\n## Security\n\nPlease close read the relevant sections of the readme, especially on OAuth \'scope\'.\n\nThe optional [Github OAuth token](http://developer.github.com/v3/oauth/) is only used to authenticate with the Github API. The token is not stored anywhere but the local machine. It is your responsibility to keep your token safe.\n\nUsing an OAuth token with additional scope is *neither advised nor supported*, even though it could make TSD work with private repositories. But it might also leak repo or content names to analytics or leave a bare http cache in your temp dir. If this bothers you please review the license and/or leave a message.\n\n\n## License\n\nCopyright (c) 2014 by [Bart van der Schoor](https://github.com/Bartvds) @ [DefinitelyTyped](https://github.com/DefinitelyTyped)\n\nLicensed under the [Apache License, Version 2.0](https://raw.github.com/DefinitelyTyped/tsd/master/LICENSE.txt).\n\n* note: there is some imported MIT licensed code by myself, [Bart van der Schoor](https://github.com/Bartvds)\n\nCopyright (c) 2012 by [Diullei Gomes](https://github.com/Diullei).\n\nLicensed under the MIT License.\n\n[![Bitdeli Badge](https://d2weczhvl823v0.cloudfront.net/DefinitelyTyped/tsd/trend.png)](https://bitdeli.com/free "Bitdeli Badge")\n',
425 silly resolved     readmeFilename: 'README.md',
425 silly resolved     _id: 'tsd@0.6.5',
425 silly resolved     dist: { shasum: '3a3877a5209a0e5e6edcdbf6309358b2fc85c751' },
425 silly resolved     deprecated: 'TSD is deprecated in favor of Typings (https://github.com/typings/typings) - see https://github.com/DefinitelyTyped/tsd/issues/269 for more information',
425 silly resolved     _from: 'tsd@',
425 silly resolved     _resolved: 'https://registry.npmjs.org/tsd/-/tsd-0.6.5.tgz' } ]
426 info install tsd@0.6.5 into /usr/local/lib
427 info installOne tsd@0.6.5
428 info /usr/local/lib/node_modules/tsd unbuild
429 verbose tar unpack /home/nastia/.npm/tsd/0.6.5/package.tgz
430 silly lockFile cd6bb0f7-r-usr-local-lib-node-modules-tsd tar:///usr/local/lib/node_modules/tsd
431 verbose lock tar:///usr/local/lib/node_modules/tsd /home/nastia/.npm/cd6bb0f7-r-usr-local-lib-node-modules-tsd.lock
432 silly lockFile cc15e898-nastia-npm-tsd-0-6-5-package-tgz tar:///home/nastia/.npm/tsd/0.6.5/package.tgz
433 verbose lock tar:///home/nastia/.npm/tsd/0.6.5/package.tgz /home/nastia/.npm/cc15e898-nastia-npm-tsd-0-6-5-package-tgz.lock
434 silly gunzTarPerm modes [ '755', '644' ]
435 error Error: EACCES, mkdir '/usr/local/lib/node_modules/tsd'
435 error  { [Error: EACCES, mkdir '/usr/local/lib/node_modules/tsd']
435 error   errno: 3,
435 error   code: 'EACCES',
435 error   path: '/usr/local/lib/node_modules/tsd',
435 error   fstream_type: 'Directory',
435 error   fstream_path: '/usr/local/lib/node_modules/tsd',
435 error   fstream_class: 'DirWriter',
435 error   fstream_stack:
435 error    [ '/usr/lib/nodejs/fstream/lib/dir-writer.js:36:23',
435 error      '/usr/lib/nodejs/mkdirp/index.js:37:53',
435 error      'Object.oncomplete (fs.js:107:15)' ] }
436 error Please try running this command again as root/Administrator.
437 error System Linux 3.19.0-25-generic
438 error command "/usr/bin/nodejs" "/usr/bin/npm" "install" "-g" "tsd"
439 error cwd /home/nastia/Documents/Angular-sample
440 error node -v v0.10.25
441 error npm -v 1.3.10
442 error path /usr/local/lib/node_modules/tsd
443 error fstream_path /usr/local/lib/node_modules/tsd
444 error fstream_type Directory
445 error fstream_class DirWriter
446 error code EACCES
447 error errno 3
448 error stack Error: EACCES, mkdir '/usr/local/lib/node_modules/tsd'
449 error fstream_stack /usr/lib/nodejs/fstream/lib/dir-writer.js:36:23
449 error fstream_stack /usr/lib/nodejs/mkdirp/index.js:37:53
449 error fstream_stack Object.oncomplete (fs.js:107:15)
450 verbose exit [ 3, true ]
